[2022-05-25 12:01:59,358] [INFO]: ---------------开始执行用例---------------
[2022-05-25 12:01:59,358] [INFO]: 用例名称：登录账号
[2022-05-25 12:01:59,358] [INFO]: 请求方式：post
[2022-05-25 12:01:59,358] [INFO]: 请求路径：/api/admin-login
[2022-05-25 12:01:59,359] [INFO]: 请求json参数：{'name': 'admin', 'password': '0a0e71ea0168075a93043b41d262fd47'}
[2022-05-25 12:02:01,231] [INFO]: 预期结果：[{'status_code': {'status_code': 200}}, {'equals': {'expires_in': 7200}}, {'contains': '登陆成功'}]
[2022-05-25 12:02:01,232] [INFO]: 实际结果：{'code': 200, 'msg': '登陆成功', 'data': {'aid': '626128c0180efa63c6062873', 'roleId': '626128c0180efa63c6062872', 'token': {'access_token': 'eyJ0eXAiOiJKV1QiLCJhbGciOiJIUzI1NiJ9.eyJpc3MiOiJodHRwOlwvXC8xMjcuMC4wLjE6ODA5MFwvYXBpXC9hZG1pbi1sb2dpbiIsImlhdCI6MTY1MzQ3ODE4OCwiZXhwIjoxNjUzNDg1Mzg4LCJuYmYiOjE2NTM0NzgxODgsImp0aSI6ImNTd1hIc29ZaU51cVdFUVAiLCJzdWIiOiI2MjYxMjhjMDE4MGVmYTYzYzYwNjI4NzMiLCJwcnYiOiJhMjNiNTczZGM3M2E0MDdlOGRlNTNiNDg2ZjM2ODg2YWRmNzBjNDgzIn0.Z1IumMrk85WAY2JGBXld4mbusZFIprES-fx1w1Uv32Q', 'token_type': 'bearer', 'expires_in': 7200}}}
[2022-05-25 12:02:01,232] [INFO]: 结果断言成功！
[2022-05-25 12:02:01,233] [INFO]: ---------------用例执行成功---------------

[2022-05-25 12:02:01,265] [INFO]: ---------------开始执行用例---------------
[2022-05-25 12:02:01,265] [INFO]: 用例名称：创建机房成功-启用
[2022-05-25 12:02:01,265] [INFO]: 请求方式：post
[2022-05-25 12:02:01,265] [INFO]: 请求路径：/api/add-house
[2022-05-25 12:02:01,267] [INFO]: 请求json参数：{'houseName': '湖北机房', 'status': '1', 'line': '湖北线路', 'houseId': '', 'id': '', 'area': '湖北'}
[2022-05-25 12:02:01,269] [INFO]: 请求headers参数：{'Authorization': 'Bearer eyJ0eXAiOiJKV1QiLCJhbGciOiJIUzI1NiJ9.eyJpc3MiOiJodHRwOlwvXC8xMjcuMC4wLjE6ODA5MFwvYXBpXC9hZG1pbi1sb2dpbiIsImlhdCI6MTY1MzQ3ODE4OCwiZXhwIjoxNjUzNDg1Mzg4LCJuYmYiOjE2NTM0NzgxODgsImp0aSI6ImNTd1hIc29ZaU51cVdFUVAiLCJzdWIiOiI2MjYxMjhjMDE4MGVmYTYzYzYwNjI4NzMiLCJwcnYiOiJhMjNiNTczZGM3M2E0MDdlOGRlNTNiNDg2ZjM2ODg2YWRmNzBjNDgzIn0.Z1IumMrk85WAY2JGBXld4mbusZFIprES-fx1w1Uv32Q'}
[2022-05-25 12:02:03,284] [INFO]: 预期结果：[{'contains': '新增机房成功'}]
[2022-05-25 12:02:03,284] [INFO]: 实际结果：{'code': 200, 'msg': '新增机房成功'}
[2022-05-25 12:02:03,284] [INFO]: 结果断言成功！
[2022-05-25 12:02:03,284] [INFO]: ---------------用例执行成功---------------

[2022-05-25 12:02:03,287] [INFO]: ---------------开始执行用例---------------
[2022-05-25 12:02:03,287] [INFO]: 用例名称：创建机房成功-禁用
[2022-05-25 12:02:03,287] [INFO]: 请求方式：post
[2022-05-25 12:02:03,287] [INFO]: 请求路径：/api/add-house
[2022-05-25 12:02:03,288] [INFO]: 请求json参数：{'houseName': '湖南机房', 'status': '0', 'line': '湖南线路', 'houseId': '', 'id': '', 'area': '湖南'}
[2022-05-25 12:02:03,291] [INFO]: 请求headers参数：{'Authorization': 'Bearer eyJ0eXAiOiJKV1QiLCJhbGciOiJIUzI1NiJ9.eyJpc3MiOiJodHRwOlwvXC8xMjcuMC4wLjE6ODA5MFwvYXBpXC9hZG1pbi1sb2dpbiIsImlhdCI6MTY1MzQ3ODE4OCwiZXhwIjoxNjUzNDg1Mzg4LCJuYmYiOjE2NTM0NzgxODgsImp0aSI6ImNTd1hIc29ZaU51cVdFUVAiLCJzdWIiOiI2MjYxMjhjMDE4MGVmYTYzYzYwNjI4NzMiLCJwcnYiOiJhMjNiNTczZGM3M2E0MDdlOGRlNTNiNDg2ZjM2ODg2YWRmNzBjNDgzIn0.Z1IumMrk85WAY2JGBXld4mbusZFIprES-fx1w1Uv32Q'}
[2022-05-25 12:02:05,299] [INFO]: 预期结果：[{'contains': '新增机房成功'}]
[2022-05-25 12:02:05,299] [INFO]: 实际结果：{'code': 200, 'msg': '新增机房成功'}
[2022-05-25 12:02:05,299] [INFO]: 结果断言成功！
[2022-05-25 12:02:05,299] [INFO]: ---------------用例执行成功---------------

[2022-05-25 12:02:05,303] [INFO]: ---------------开始执行用例---------------
[2022-05-25 12:02:05,303] [INFO]: 用例名称：创建机房失败-名称已存在
[2022-05-25 12:02:05,303] [INFO]: 请求方式：post
[2022-05-25 12:02:05,303] [INFO]: 请求路径：/api/add-house
[2022-05-25 12:02:05,304] [INFO]: 请求json参数：{'houseName': '湖北机房', 'status': '1', 'line': '湖北线路', 'houseId': '', 'id': '', 'area': '湖北'}
[2022-05-25 12:02:05,307] [INFO]: 请求headers参数：{'Authorization': 'Bearer eyJ0eXAiOiJKV1QiLCJhbGciOiJIUzI1NiJ9.eyJpc3MiOiJodHRwOlwvXC8xMjcuMC4wLjE6ODA5MFwvYXBpXC9hZG1pbi1sb2dpbiIsImlhdCI6MTY1MzQ3ODE4OCwiZXhwIjoxNjUzNDg1Mzg4LCJuYmYiOjE2NTM0NzgxODgsImp0aSI6ImNTd1hIc29ZaU51cVdFUVAiLCJzdWIiOiI2MjYxMjhjMDE4MGVmYTYzYzYwNjI4NzMiLCJwcnYiOiJhMjNiNTczZGM3M2E0MDdlOGRlNTNiNDg2ZjM2ODg2YWRmNzBjNDgzIn0.Z1IumMrk85WAY2JGBXld4mbusZFIprES-fx1w1Uv32Q'}
[2022-05-25 12:02:07,299] [INFO]: 预期结果：[{'contains': '机房名称已存在，请重新填写'}]
[2022-05-25 12:02:07,299] [INFO]: 实际结果：{'code': 10000, 'msg': '机房名称已存在，请重新填写'}
[2022-05-25 12:02:07,299] [INFO]: 结果断言成功！
[2022-05-25 12:02:07,299] [INFO]: ---------------用例执行成功---------------

[2022-05-25 12:02:07,301] [INFO]: ---------------开始执行用例---------------
[2022-05-25 12:02:07,301] [INFO]: 用例名称：创建机房失败-线路已存在
[2022-05-25 12:02:07,302] [INFO]: 请求方式：post
[2022-05-25 12:02:07,302] [INFO]: 请求路径：/api/add-house
[2022-05-25 12:02:07,303] [INFO]: 请求json参数：{'houseName': '湖北机房1', 'status': '1', 'line': '湖北线路', 'houseId': '', 'id': '', 'area': '湖北'}
[2022-05-25 12:02:07,306] [INFO]: 请求headers参数：{'Authorization': 'Bearer eyJ0eXAiOiJKV1QiLCJhbGciOiJIUzI1NiJ9.eyJpc3MiOiJodHRwOlwvXC8xMjcuMC4wLjE6ODA5MFwvYXBpXC9hZG1pbi1sb2dpbiIsImlhdCI6MTY1MzQ3ODE4OCwiZXhwIjoxNjUzNDg1Mzg4LCJuYmYiOjE2NTM0NzgxODgsImp0aSI6ImNTd1hIc29ZaU51cVdFUVAiLCJzdWIiOiI2MjYxMjhjMDE4MGVmYTYzYzYwNjI4NzMiLCJwcnYiOiJhMjNiNTczZGM3M2E0MDdlOGRlNTNiNDg2ZjM2ODg2YWRmNzBjNDgzIn0.Z1IumMrk85WAY2JGBXld4mbusZFIprES-fx1w1Uv32Q'}
[2022-05-25 12:02:09,300] [INFO]: 预期结果：[{'contains': '线路名称已存在，请重新填写'}]
[2022-05-25 12:02:09,301] [INFO]: 实际结果：{'code': 10000, 'msg': '线路名称已存在，请重新填写'}
[2022-05-25 12:02:09,301] [INFO]: 结果断言成功！
[2022-05-25 12:02:09,301] [INFO]: ---------------用例执行成功---------------

