[2022-05-25 09:53:33,955] [INFO]: ---------------开始执行用例---------------
[2022-05-25 09:53:33,955] [INFO]: 用例名称：登录账号
[2022-05-25 09:53:33,956] [INFO]: 请求方式：post
[2022-05-25 09:53:33,956] [INFO]: 请求路径：/api/admin-login
[2022-05-25 09:53:33,957] [INFO]: 请求json参数：{'name': 'admin', 'password': '0a0e71ea0168075a93043b41d262fd47'}
[2022-05-25 09:53:35,841] [INFO]: 预期结果：[{'status_code': {'status_code': 200}}, {'equals': {'expires_in': 7200}}, {'contains': '登陆成功'}]
[2022-05-25 09:53:35,841] [INFO]: 实际结果：{'code': 200, 'msg': '登陆成功', 'data': {'aid': '626128c0180efa63c6062873', 'roleId': '626128c0180efa63c6062872', 'token': {'access_token': 'eyJ0eXAiOiJKV1QiLCJhbGciOiJIUzI1NiJ9.eyJpc3MiOiJodHRwOlwvXC8xMjcuMC4wLjE6ODA5MFwvYXBpXC9hZG1pbi1sb2dpbiIsImlhdCI6MTY1MzQ3MDQ4MywiZXhwIjoxNjUzNDc3NjgzLCJuYmYiOjE2NTM0NzA0ODMsImp0aSI6Imoxc0poampMQWR1V2p6UXIiLCJzdWIiOiI2MjYxMjhjMDE4MGVmYTYzYzYwNjI4NzMiLCJwcnYiOiJhMjNiNTczZGM3M2E0MDdlOGRlNTNiNDg2ZjM2ODg2YWRmNzBjNDgzIn0._MSJJbdt8TFz-Ctz5qaXjna23GUQEHG-T3GkMJDNcl4', 'token_type': 'bearer', 'expires_in': 7200}}}
[2022-05-25 09:53:35,842] [INFO]: 结果断言成功！
[2022-05-25 09:53:35,842] [INFO]: ---------------用例执行成功---------------

[2022-05-25 09:53:35,866] [INFO]: ---------------开始执行用例---------------
[2022-05-25 09:53:35,866] [INFO]: 用例名称：创建机房成功-启用
[2022-05-25 09:53:35,866] [INFO]: 请求方式：post
[2022-05-25 09:53:35,866] [INFO]: 请求路径：/api/add-house
[2022-05-25 09:53:35,867] [INFO]: 请求json参数：{'houseName': '湖北机房', 'status': '1', 'line': '湖北线路', 'houseId': '', 'id': '', 'area': '湖北'}
[2022-05-25 09:53:35,869] [INFO]: 请求headers参数：{'Authorization': 'Bearer eyJ0eXAiOiJKV1QiLCJhbGciOiJIUzI1NiJ9.eyJpc3MiOiJodHRwOlwvXC8xMjcuMC4wLjE6ODA5MFwvYXBpXC9hZG1pbi1sb2dpbiIsImlhdCI6MTY1MzQ3MDQ4MywiZXhwIjoxNjUzNDc3NjgzLCJuYmYiOjE2NTM0NzA0ODMsImp0aSI6Imoxc0poampMQWR1V2p6UXIiLCJzdWIiOiI2MjYxMjhjMDE4MGVmYTYzYzYwNjI4NzMiLCJwcnYiOiJhMjNiNTczZGM3M2E0MDdlOGRlNTNiNDg2ZjM2ODg2YWRmNzBjNDgzIn0._MSJJbdt8TFz-Ctz5qaXjna23GUQEHG-T3GkMJDNcl4'}
[2022-05-25 09:53:37,865] [INFO]: 预期结果：[{'contains': '新增机房成功'}]
[2022-05-25 09:53:37,865] [INFO]: 实际结果：{'code': 200, 'msg': '新增机房成功'}
[2022-05-25 09:53:37,865] [INFO]: 结果断言成功！
[2022-05-25 09:53:37,865] [INFO]: ---------------用例执行成功---------------

[2022-05-25 09:53:37,868] [INFO]: ---------------开始执行用例---------------
[2022-05-25 09:53:37,868] [INFO]: 用例名称：创建机房成功-禁用
[2022-05-25 09:53:37,869] [INFO]: 请求方式：post
[2022-05-25 09:53:37,869] [INFO]: 请求路径：/api/add-house
[2022-05-25 09:53:37,870] [INFO]: 请求json参数：{'houseName': '湖南机房', 'status': '0', 'line': '湖南线路', 'houseId': '', 'id': '', 'area': '湖南'}
[2022-05-25 09:53:37,872] [INFO]: 请求headers参数：{'Authorization': 'Bearer eyJ0eXAiOiJKV1QiLCJhbGciOiJIUzI1NiJ9.eyJpc3MiOiJodHRwOlwvXC8xMjcuMC4wLjE6ODA5MFwvYXBpXC9hZG1pbi1sb2dpbiIsImlhdCI6MTY1MzQ3MDQ4MywiZXhwIjoxNjUzNDc3NjgzLCJuYmYiOjE2NTM0NzA0ODMsImp0aSI6Imoxc0poampMQWR1V2p6UXIiLCJzdWIiOiI2MjYxMjhjMDE4MGVmYTYzYzYwNjI4NzMiLCJwcnYiOiJhMjNiNTczZGM3M2E0MDdlOGRlNTNiNDg2ZjM2ODg2YWRmNzBjNDgzIn0._MSJJbdt8TFz-Ctz5qaXjna23GUQEHG-T3GkMJDNcl4'}
[2022-05-25 09:53:39,867] [INFO]: 预期结果：[{'contains': '新增机房成功'}]
[2022-05-25 09:53:39,868] [INFO]: 实际结果：{'code': 200, 'msg': '新增机房成功'}
[2022-05-25 09:53:39,868] [INFO]: 结果断言成功！
[2022-05-25 09:53:39,868] [INFO]: ---------------用例执行成功---------------

[2022-05-25 09:53:39,870] [INFO]: ---------------开始执行用例---------------
[2022-05-25 09:53:39,870] [INFO]: 用例名称：创建机房失败-名称已存在
[2022-05-25 09:53:39,871] [INFO]: 请求方式：post
[2022-05-25 09:53:39,871] [INFO]: 请求路径：/api/add-house
[2022-05-25 09:53:39,872] [INFO]: 请求json参数：{'houseName': '湖北机房', 'status': '1', 'line': '湖北线路', 'houseId': '', 'id': '', 'area': '湖北'}
[2022-05-25 09:53:39,874] [INFO]: 请求headers参数：{'Authorization': 'Bearer eyJ0eXAiOiJKV1QiLCJhbGciOiJIUzI1NiJ9.eyJpc3MiOiJodHRwOlwvXC8xMjcuMC4wLjE6ODA5MFwvYXBpXC9hZG1pbi1sb2dpbiIsImlhdCI6MTY1MzQ3MDQ4MywiZXhwIjoxNjUzNDc3NjgzLCJuYmYiOjE2NTM0NzA0ODMsImp0aSI6Imoxc0poampMQWR1V2p6UXIiLCJzdWIiOiI2MjYxMjhjMDE4MGVmYTYzYzYwNjI4NzMiLCJwcnYiOiJhMjNiNTczZGM3M2E0MDdlOGRlNTNiNDg2ZjM2ODg2YWRmNzBjNDgzIn0._MSJJbdt8TFz-Ctz5qaXjna23GUQEHG-T3GkMJDNcl4'}
[2022-05-25 09:53:41,829] [INFO]: 预期结果：[{'contains': '机房名称已存在，请重新填写'}]
[2022-05-25 09:53:41,829] [INFO]: 实际结果：{'code': 10000, 'msg': '机房名称已存在，请重新填写'}
[2022-05-25 09:53:41,829] [INFO]: 结果断言成功！
[2022-05-25 09:53:41,829] [INFO]: ---------------用例执行成功---------------

[2022-05-25 09:53:41,832] [INFO]: ---------------开始执行用例---------------
[2022-05-25 09:53:41,832] [INFO]: 用例名称：创建机房失败-线路已存在
[2022-05-25 09:53:41,832] [INFO]: 请求方式：post
[2022-05-25 09:53:41,832] [INFO]: 请求路径：/api/add-house
[2022-05-25 09:53:41,834] [INFO]: 请求json参数：{'houseName': '湖北机房1', 'status': '1', 'line': '湖北线路', 'houseId': '', 'id': '', 'area': '湖北'}
[2022-05-25 09:53:41,837] [INFO]: 请求headers参数：{'Authorization': 'Bearer eyJ0eXAiOiJKV1QiLCJhbGciOiJIUzI1NiJ9.eyJpc3MiOiJodHRwOlwvXC8xMjcuMC4wLjE6ODA5MFwvYXBpXC9hZG1pbi1sb2dpbiIsImlhdCI6MTY1MzQ3MDQ4MywiZXhwIjoxNjUzNDc3NjgzLCJuYmYiOjE2NTM0NzA0ODMsImp0aSI6Imoxc0poampMQWR1V2p6UXIiLCJzdWIiOiI2MjYxMjhjMDE4MGVmYTYzYzYwNjI4NzMiLCJwcnYiOiJhMjNiNTczZGM3M2E0MDdlOGRlNTNiNDg2ZjM2ODg2YWRmNzBjNDgzIn0._MSJJbdt8TFz-Ctz5qaXjna23GUQEHG-T3GkMJDNcl4'}
[2022-05-25 09:53:43,814] [INFO]: 预期结果：[{'contains': '线路名称已存在，请重新填写'}]
[2022-05-25 09:53:43,814] [INFO]: 实际结果：{'code': 10000, 'msg': '线路名称已存在，请重新填写'}
[2022-05-25 09:53:43,815] [INFO]: 结果断言成功！
[2022-05-25 09:53:43,815] [INFO]: ---------------用例执行成功---------------

