[2022-05-23 15:21:38,796] [INFO]: ---------------开始执行用例---------------
[2022-05-23 15:21:38,796] [INFO]: 用例名称：登录账号
[2022-05-23 15:21:38,796] [INFO]: 请求方式：post
[2022-05-23 15:21:38,796] [INFO]: 请求路径：/api/admin-login
[2022-05-23 15:21:38,797] [INFO]: 请求json参数：{'name': 'admin', 'password': '0a0e71ea0168075a93043b41d262fd47'}
[2022-05-23 15:21:40,667] [INFO]: 预期结果：[{'status_code': {'status_code': 200}}, {'equals': {'expires_in': 7200}}, {'contains': '登陆成功'}]
[2022-05-23 15:21:40,667] [INFO]: 实际结果：{'code': 200, 'msg': '登陆成功', 'data': {'aid': '626128c0180efa63c6062873', 'roleId': '626128c0180efa63c6062872', 'token': {'access_token': 'eyJ0eXAiOiJKV1QiLCJhbGciOiJIUzI1NiJ9.eyJpc3MiOiJodHRwOlwvXC8xMjcuMC4wLjE6ODA5MFwvYXBpXC9hZG1pbi1sb2dpbiIsImlhdCI6MTY1MzMxNzM2NCwiZXhwIjoxNjUzMzI0NTY0LCJuYmYiOjE2NTMzMTczNjQsImp0aSI6IkJxWjgxTXRibnRlanZYbmIiLCJzdWIiOiI2MjYxMjhjMDE4MGVmYTYzYzYwNjI4NzMiLCJwcnYiOiJhMjNiNTczZGM3M2E0MDdlOGRlNTNiNDg2ZjM2ODg2YWRmNzBjNDgzIn0.8wubGuUsXC8ojD4IVWJ0eZhSoY4Eda5a9_Rm9Z7-krA', 'token_type': 'bearer', 'expires_in': 7200}}}
[2022-05-23 15:21:40,667] [INFO]: ---------------用例执行完成---------------

[2022-05-23 15:21:40,698] [INFO]: ---------------开始执行用例---------------
[2022-05-23 15:21:40,698] [INFO]: 用例名称：创建机房成功-启用
[2022-05-23 15:21:40,699] [INFO]: 请求方式：post
[2022-05-23 15:21:40,699] [INFO]: 请求路径：/api/add-house
[2022-05-23 15:21:40,700] [INFO]: 请求json参数：{'houseName': '湖北机房', 'status': '1', 'line': '湖北线路', 'houseId': '', 'id': '', 'area': '湖北'}
[2022-05-23 15:21:40,702] [INFO]: 请求headers参数：{'Authorization': 'Bearer eyJ0eXAiOiJKV1QiLCJhbGciOiJIUzI1NiJ9.eyJpc3MiOiJodHRwOlwvXC8xMjcuMC4wLjE6ODA5MFwvYXBpXC9hZG1pbi1sb2dpbiIsImlhdCI6MTY1MzMxNzM2NCwiZXhwIjoxNjUzMzI0NTY0LCJuYmYiOjE2NTMzMTczNjQsImp0aSI6IkJxWjgxTXRibnRlanZYbmIiLCJzdWIiOiI2MjYxMjhjMDE4MGVmYTYzYzYwNjI4NzMiLCJwcnYiOiJhMjNiNTczZGM3M2E0MDdlOGRlNTNiNDg2ZjM2ODg2YWRmNzBjNDgzIn0.8wubGuUsXC8ojD4IVWJ0eZhSoY4Eda5a9_Rm9Z7-krA'}
[2022-05-23 15:21:42,706] [INFO]: 预期结果：[{'contains': '新增机房成功'}]
[2022-05-23 15:21:42,706] [INFO]: 实际结果：{'code': 200, 'msg': '新增机房成功'}
[2022-05-23 15:21:42,706] [INFO]: ---------------用例执行完成---------------

[2022-05-23 15:21:42,709] [INFO]: ---------------开始执行用例---------------
[2022-05-23 15:21:42,709] [INFO]: 用例名称：创建机房成功-禁用
[2022-05-23 15:21:42,709] [INFO]: 请求方式：post
[2022-05-23 15:21:42,709] [INFO]: 请求路径：/api/add-house
[2022-05-23 15:21:42,710] [INFO]: 请求json参数：{'houseName': '湖南机房', 'status': '0', 'line': '湖南线路', 'houseId': '', 'id': '', 'area': '湖南'}
[2022-05-23 15:21:42,712] [INFO]: 请求headers参数：{'Authorization': 'Bearer eyJ0eXAiOiJKV1QiLCJhbGciOiJIUzI1NiJ9.eyJpc3MiOiJodHRwOlwvXC8xMjcuMC4wLjE6ODA5MFwvYXBpXC9hZG1pbi1sb2dpbiIsImlhdCI6MTY1MzMxNzM2NCwiZXhwIjoxNjUzMzI0NTY0LCJuYmYiOjE2NTMzMTczNjQsImp0aSI6IkJxWjgxTXRibnRlanZYbmIiLCJzdWIiOiI2MjYxMjhjMDE4MGVmYTYzYzYwNjI4NzMiLCJwcnYiOiJhMjNiNTczZGM3M2E0MDdlOGRlNTNiNDg2ZjM2ODg2YWRmNzBjNDgzIn0.8wubGuUsXC8ojD4IVWJ0eZhSoY4Eda5a9_Rm9Z7-krA'}
[2022-05-23 15:21:44,684] [INFO]: 预期结果：[{'contains': '新增机房成功'}]
[2022-05-23 15:21:44,685] [INFO]: 实际结果：{'code': 200, 'msg': '新增机房成功'}
[2022-05-23 15:21:44,685] [INFO]: ---------------用例执行完成---------------

[2022-05-23 15:21:44,687] [INFO]: ---------------开始执行用例---------------
[2022-05-23 15:21:44,687] [INFO]: 用例名称：创建机房失败-名称已存在
[2022-05-23 15:21:44,687] [INFO]: 请求方式：post
[2022-05-23 15:21:44,687] [INFO]: 请求路径：/api/add-house
[2022-05-23 15:21:44,689] [INFO]: 请求json参数：{'houseName': '湖北机房', 'status': '1', 'line': '湖北线路', 'houseId': '', 'id': '', 'area': '湖北'}
[2022-05-23 15:21:44,691] [INFO]: 请求headers参数：{'Authorization': 'Bearer eyJ0eXAiOiJKV1QiLCJhbGciOiJIUzI1NiJ9.eyJpc3MiOiJodHRwOlwvXC8xMjcuMC4wLjE6ODA5MFwvYXBpXC9hZG1pbi1sb2dpbiIsImlhdCI6MTY1MzMxNzM2NCwiZXhwIjoxNjUzMzI0NTY0LCJuYmYiOjE2NTMzMTczNjQsImp0aSI6IkJxWjgxTXRibnRlanZYbmIiLCJzdWIiOiI2MjYxMjhjMDE4MGVmYTYzYzYwNjI4NzMiLCJwcnYiOiJhMjNiNTczZGM3M2E0MDdlOGRlNTNiNDg2ZjM2ODg2YWRmNzBjNDgzIn0.8wubGuUsXC8ojD4IVWJ0eZhSoY4Eda5a9_Rm9Z7-krA'}
[2022-05-23 15:21:46,667] [INFO]: 预期结果：[{'contains': '机房名称已存在，请重新填写'}]
[2022-05-23 15:21:46,667] [INFO]: 实际结果：{'code': 10000, 'msg': '机房名称已存在，请重新填写'}
[2022-05-23 15:21:46,667] [INFO]: ---------------用例执行完成---------------

[2022-05-23 15:21:46,670] [INFO]: ---------------开始执行用例---------------
[2022-05-23 15:21:46,670] [INFO]: 用例名称：创建机房失败-线路已存在
[2022-05-23 15:21:46,670] [INFO]: 请求方式：post
[2022-05-23 15:21:46,670] [INFO]: 请求路径：/api/add-house
[2022-05-23 15:21:46,671] [INFO]: 请求json参数：{'houseName': '湖北机房1', 'status': '1', 'line': '湖北线路', 'houseId': '', 'id': '', 'area': '湖北'}
[2022-05-23 15:21:46,673] [INFO]: 请求headers参数：{'Authorization': 'Bearer eyJ0eXAiOiJKV1QiLCJhbGciOiJIUzI1NiJ9.eyJpc3MiOiJodHRwOlwvXC8xMjcuMC4wLjE6ODA5MFwvYXBpXC9hZG1pbi1sb2dpbiIsImlhdCI6MTY1MzMxNzM2NCwiZXhwIjoxNjUzMzI0NTY0LCJuYmYiOjE2NTMzMTczNjQsImp0aSI6IkJxWjgxTXRibnRlanZYbmIiLCJzdWIiOiI2MjYxMjhjMDE4MGVmYTYzYzYwNjI4NzMiLCJwcnYiOiJhMjNiNTczZGM3M2E0MDdlOGRlNTNiNDg2ZjM2ODg2YWRmNzBjNDgzIn0.8wubGuUsXC8ojD4IVWJ0eZhSoY4Eda5a9_Rm9Z7-krA'}
[2022-05-23 15:21:48,638] [INFO]: 预期结果：[{'contains': '线路名称已存在，请重新填写'}]
[2022-05-23 15:21:48,638] [INFO]: 实际结果：{'code': 10000, 'msg': '线路名称已存在，请重新填写'}
[2022-05-23 15:21:48,638] [INFO]: ---------------用例执行完成---------------

